<?xml version="1.0" encoding="UTF-8"?>
<!-- Generated by org.testng.reporters.JUnitReportReporter -->
<testsuite hostname="IN-7DS72J3" failures="0" tests="1" name="tests.AuthTests" time="3.283" errors="0" timestamp="2024-06-18T18:50:30 IST" skipped="0">
  <testcase classname="tests.AuthTests" name="testCreateToken" time="3.283"/>
  <system-out/>
</testsuite> <!-- tests.AuthTests -->
