<?xml version="1.0" encoding="UTF-8"?>
<!-- Generated by org.testng.reporters.JUnitReportReporter -->
<testsuite hostname="IN-7DS72J3" failures="0" tests="6" name="tests.BookingTests" time="10.421" errors="0" timestamp="2024-10-12T12:18:30 IST" skipped="0">
  <testcase classname="tests.BookingTests" name="testGetBookingIds" time="1.725"/>
  <system-out/>
  <testcase classname="tests.BookingTests" name="testCreateBooking" time="1.575"/>
  <system-out/>
  <testcase classname="tests.BookingTests" name="testGetBookingById" time="1.453"/>
  <system-out/>
  <testcase classname="tests.BookingTests" name="testUpdateBooking" time="2.823"/>
  <system-out/>
  <testcase classname="tests.BookingTests" name="testPartialUpdateBooking" time="1.406"/>
  <system-out/>
  <testcase classname="tests.BookingTests" name="testDeleteBooking" time="1.439"/>
  <system-out/>
</testsuite> <!-- tests.BookingTests -->
