<?xml version="1.0" encoding="UTF-8"?>
<!-- Generated by org.testng.reporters.JUnitReportReporter -->
<testsuite hostname="IN-7DS72J3" failures="0" tests="1" name="tests.AuthTests" time="2.784" errors="0" timestamp="2024-10-12T12:23:28 IST" skipped="0">
  <testcase classname="tests.AuthTests" name="testCreateToken" time="2.784"/>
  <system-out/>
</testsuite> <!-- tests.AuthTests -->
